2012-09-19 21:00:56 Debug: Notice (8): Undefined variable: response in [E:\site\twitter\app\Controller\FormalWordsController.php, line 52]
Trace:
FormalWordsController::search() - APP\Controller\FormalWordsController.php, line 52
ReflectionMethod::invokeArgs() - [internal], line ??
Controller::invokeAction() - CORE\Cake\Controller\Controller.php, line 485
Dispatcher::_invoke() - CORE\Cake\Routing\Dispatcher.php, line 103
Dispatcher::dispatch() - CORE\Cake\Routing\Dispatcher.php, line 85
[main] - APP\webroot\index.php, line 92

2012-09-19 21:02:57 Debug: Notice (8): Undefined variable: response in [E:\site\twitter\app\Controller\FormalWordsController.php, line 52]
Trace:
FormalWordsController::search() - APP\Controller\FormalWordsController.php, line 52
ReflectionMethod::invokeArgs() - [internal], line ??
Controller::invokeAction() - CORE\Cake\Controller\Controller.php, line 485
Dispatcher::_invoke() - CORE\Cake\Routing\Dispatcher.php, line 103
Dispatcher::dispatch() - CORE\Cake\Routing\Dispatcher.php, line 85
[main] - APP\webroot\index.php, line 92

2012-09-19 21:02:58 Debug: Notice (8): Undefined variable: response in [E:\site\twitter\app\Controller\FormalWordsController.php, line 52]
Trace:
FormalWordsController::search() - APP\Controller\FormalWordsController.php, line 52
ReflectionMethod::invokeArgs() - [internal], line ??
Controller::invokeAction() - CORE\Cake\Controller\Controller.php, line 485
Dispatcher::_invoke() - CORE\Cake\Routing\Dispatcher.php, line 103
Dispatcher::dispatch() - CORE\Cake\Routing\Dispatcher.php, line 85
[main] - APP\webroot\index.php, line 92

2012-09-19 21:03:18 Debug: Notice (8): Undefined variable: response in [E:\site\twitter\app\Controller\FormalWordsController.php, line 52]
Trace:
FormalWordsController::search() - APP\Controller\FormalWordsController.php, line 52
ReflectionMethod::invokeArgs() - [internal], line ??
Controller::invokeAction() - CORE\Cake\Controller\Controller.php, line 485
Dispatcher::_invoke() - CORE\Cake\Routing\Dispatcher.php, line 103
Dispatcher::dispatch() - CORE\Cake\Routing\Dispatcher.php, line 85
[main] - APP\webroot\index.php, line 92

2012-09-19 21:03:20 Debug: Notice (8): Undefined variable: response in [E:\site\twitter\app\Controller\FormalWordsController.php, line 52]
Trace:
FormalWordsController::search() - APP\Controller\FormalWordsController.php, line 52
ReflectionMethod::invokeArgs() - [internal], line ??
Controller::invokeAction() - CORE\Cake\Controller\Controller.php, line 485
Dispatcher::_invoke() - CORE\Cake\Routing\Dispatcher.php, line 103
Dispatcher::dispatch() - CORE\Cake\Routing\Dispatcher.php, line 85
[main] - APP\webroot\index.php, line 92

2012-09-19 21:03:21 Debug: Notice (8): Undefined variable: response in [E:\site\twitter\app\Controller\FormalWordsController.php, line 52]
Trace:
FormalWordsController::search() - APP\Controller\FormalWordsController.php, line 52
ReflectionMethod::invokeArgs() - [internal], line ??
Controller::invokeAction() - CORE\Cake\Controller\Controller.php, line 485
Dispatcher::_invoke() - CORE\Cake\Routing\Dispatcher.php, line 103
Dispatcher::dispatch() - CORE\Cake\Routing\Dispatcher.php, line 85
[main] - APP\webroot\index.php, line 92

2012-09-19 21:03:23 Debug: Notice (8): Undefined variable: response in [E:\site\twitter\app\Controller\FormalWordsController.php, line 52]
Trace:
FormalWordsController::search() - APP\Controller\FormalWordsController.php, line 52
ReflectionMethod::invokeArgs() - [internal], line ??
Controller::invokeAction() - CORE\Cake\Controller\Controller.php, line 485
Dispatcher::_invoke() - CORE\Cake\Routing\Dispatcher.php, line 103
Dispatcher::dispatch() - CORE\Cake\Routing\Dispatcher.php, line 85
[main] - APP\webroot\index.php, line 92

2012-09-19 21:04:53 Debug: Notice (8): Undefined variable: response in [E:\site\twitter\app\Controller\FormalWordsController.php, line 52]
Trace:
FormalWordsController::search() - APP\Controller\FormalWordsController.php, line 52
ReflectionMethod::invokeArgs() - [internal], line ??
Controller::invokeAction() - CORE\Cake\Controller\Controller.php, line 485
Dispatcher::_invoke() - CORE\Cake\Routing\Dispatcher.php, line 103
Dispatcher::dispatch() - CORE\Cake\Routing\Dispatcher.php, line 85
[main] - APP\webroot\index.php, line 92

2012-09-19 21:04:54 Debug: Notice (8): Undefined variable: response in [E:\site\twitter\app\Controller\FormalWordsController.php, line 52]
Trace:
FormalWordsController::search() - APP\Controller\FormalWordsController.php, line 52
ReflectionMethod::invokeArgs() - [internal], line ??
Controller::invokeAction() - CORE\Cake\Controller\Controller.php, line 485
Dispatcher::_invoke() - CORE\Cake\Routing\Dispatcher.php, line 103
Dispatcher::dispatch() - CORE\Cake\Routing\Dispatcher.php, line 85
[main] - APP\webroot\index.php, line 92

2012-09-19 21:04:56 Debug: Notice (8): Undefined variable: response in [E:\site\twitter\app\Controller\FormalWordsController.php, line 52]
Trace:
FormalWordsController::search() - APP\Controller\FormalWordsController.php, line 52
ReflectionMethod::invokeArgs() - [internal], line ??
Controller::invokeAction() - CORE\Cake\Controller\Controller.php, line 485
Dispatcher::_invoke() - CORE\Cake\Routing\Dispatcher.php, line 103
Dispatcher::dispatch() - CORE\Cake\Routing\Dispatcher.php, line 85
[main] - APP\webroot\index.php, line 92

2012-09-19 21:04:58 Debug: Notice (8): Undefined variable: response in [E:\site\twitter\app\Controller\FormalWordsController.php, line 52]
Trace:
FormalWordsController::search() - APP\Controller\FormalWordsController.php, line 52
ReflectionMethod::invokeArgs() - [internal], line ??
Controller::invokeAction() - CORE\Cake\Controller\Controller.php, line 485
Dispatcher::_invoke() - CORE\Cake\Routing\Dispatcher.php, line 103
Dispatcher::dispatch() - CORE\Cake\Routing\Dispatcher.php, line 85
[main] - APP\webroot\index.php, line 92

2012-09-19 21:04:59 Debug: Notice (8): Undefined variable: response in [E:\site\twitter\app\Controller\FormalWordsController.php, line 52]
Trace:
FormalWordsController::search() - APP\Controller\FormalWordsController.php, line 52
ReflectionMethod::invokeArgs() - [internal], line ??
Controller::invokeAction() - CORE\Cake\Controller\Controller.php, line 485
Dispatcher::_invoke() - CORE\Cake\Routing\Dispatcher.php, line 103
Dispatcher::dispatch() - CORE\Cake\Routing\Dispatcher.php, line 85
[main] - APP\webroot\index.php, line 92

2012-09-19 21:05:38 Debug: Notice (8): Undefined variable: response in [E:\site\twitter\app\Controller\FormalWordsController.php, line 52]
Trace:
FormalWordsController::search() - APP\Controller\FormalWordsController.php, line 52
ReflectionMethod::invokeArgs() - [internal], line ??
Controller::invokeAction() - CORE\Cake\Controller\Controller.php, line 485
Dispatcher::_invoke() - CORE\Cake\Routing\Dispatcher.php, line 103
Dispatcher::dispatch() - CORE\Cake\Routing\Dispatcher.php, line 85
[main] - APP\webroot\index.php, line 92

2012-09-19 21:05:40 Debug: Notice (8): Undefined variable: response in [E:\site\twitter\app\Controller\FormalWordsController.php, line 52]
Trace:
FormalWordsController::search() - APP\Controller\FormalWordsController.php, line 52
ReflectionMethod::invokeArgs() - [internal], line ??
Controller::invokeAction() - CORE\Cake\Controller\Controller.php, line 485
Dispatcher::_invoke() - CORE\Cake\Routing\Dispatcher.php, line 103
Dispatcher::dispatch() - CORE\Cake\Routing\Dispatcher.php, line 85
[main] - APP\webroot\index.php, line 92

2012-09-19 21:20:13 Debug: Notice (8): Undefined variable: response in [E:\site\twitter\app\Controller\FormalWordsController.php, line 52]
Trace:
FormalWordsController::search() - APP\Controller\FormalWordsController.php, line 52
ReflectionMethod::invokeArgs() - [internal], line ??
Controller::invokeAction() - CORE\Cake\Controller\Controller.php, line 485
Dispatcher::_invoke() - CORE\Cake\Routing\Dispatcher.php, line 103
Dispatcher::dispatch() - CORE\Cake\Routing\Dispatcher.php, line 85
[main] - APP\webroot\index.php, line 92

2012-10-24 01:07:39 Debug: Notice (8): Undefined variable: response in [E:\site\twitter\app\Controller\FormalWordsController.php, line 52]
Trace:
FormalWordsController::search() - APP\Controller\FormalWordsController.php, line 52
ReflectionMethod::invokeArgs() - [internal], line ??
Controller::invokeAction() - CORE\Cake\Controller\Controller.php, line 485
Dispatcher::_invoke() - CORE\Cake\Routing\Dispatcher.php, line 103
Dispatcher::dispatch() - CORE\Cake\Routing\Dispatcher.php, line 85
[main] - APP\webroot\index.php, line 92

2012-10-24 01:07:43 Debug: Notice (8): Undefined variable: response in [E:\site\twitter\app\Controller\FormalWordsController.php, line 52]
Trace:
FormalWordsController::search() - APP\Controller\FormalWordsController.php, line 52
ReflectionMethod::invokeArgs() - [internal], line ??
Controller::invokeAction() - CORE\Cake\Controller\Controller.php, line 485
Dispatcher::_invoke() - CORE\Cake\Routing\Dispatcher.php, line 103
Dispatcher::dispatch() - CORE\Cake\Routing\Dispatcher.php, line 85
[main] - APP\webroot\index.php, line 92

2012-10-24 01:07:43 Debug: Notice (8): Undefined variable: response in [E:\site\twitter\app\Controller\FormalWordsController.php, line 52]
Trace:
FormalWordsController::search() - APP\Controller\FormalWordsController.php, line 52
ReflectionMethod::invokeArgs() - [internal], line ??
Controller::invokeAction() - CORE\Cake\Controller\Controller.php, line 485
Dispatcher::_invoke() - CORE\Cake\Routing\Dispatcher.php, line 103
Dispatcher::dispatch() - CORE\Cake\Routing\Dispatcher.php, line 85
[main] - APP\webroot\index.php, line 92

2012-10-24 01:07:52 Debug: Notice (8): Undefined variable: response in [E:\site\twitter\app\Controller\FormalWordsController.php, line 52]
Trace:
FormalWordsController::search() - APP\Controller\FormalWordsController.php, line 52
ReflectionMethod::invokeArgs() - [internal], line ??
Controller::invokeAction() - CORE\Cake\Controller\Controller.php, line 485
Dispatcher::_invoke() - CORE\Cake\Routing\Dispatcher.php, line 103
Dispatcher::dispatch() - CORE\Cake\Routing\Dispatcher.php, line 85
[main] - APP\webroot\index.php, line 92

2012-10-24 01:08:09 Debug: Notice (8): Undefined variable: response in [E:\site\twitter\app\Controller\FormalWordsController.php, line 52]
Trace:
FormalWordsController::search() - APP\Controller\FormalWordsController.php, line 52
ReflectionMethod::invokeArgs() - [internal], line ??
Controller::invokeAction() - CORE\Cake\Controller\Controller.php, line 485
Dispatcher::_invoke() - CORE\Cake\Routing\Dispatcher.php, line 103
Dispatcher::dispatch() - CORE\Cake\Routing\Dispatcher.php, line 85
[main] - APP\webroot\index.php, line 92

2012-10-24 01:10:13 Debug: Notice (8): Undefined variable: response in [E:\site\twitter\app\Controller\FormalWordsController.php, line 52]
Trace:
FormalWordsController::search() - APP\Controller\FormalWordsController.php, line 52
ReflectionMethod::invokeArgs() - [internal], line ??
Controller::invokeAction() - CORE\Cake\Controller\Controller.php, line 485
Dispatcher::_invoke() - CORE\Cake\Routing\Dispatcher.php, line 103
Dispatcher::dispatch() - CORE\Cake\Routing\Dispatcher.php, line 85
[main] - APP\webroot\index.php, line 92

2012-10-24 01:10:14 Debug: Notice (8): Undefined variable: response in [E:\site\twitter\app\Controller\FormalWordsController.php, line 52]
Trace:
FormalWordsController::search() - APP\Controller\FormalWordsController.php, line 52
ReflectionMethod::invokeArgs() - [internal], line ??
Controller::invokeAction() - CORE\Cake\Controller\Controller.php, line 485
Dispatcher::_invoke() - CORE\Cake\Routing\Dispatcher.php, line 103
Dispatcher::dispatch() - CORE\Cake\Routing\Dispatcher.php, line 85
[main] - APP\webroot\index.php, line 92

2012-10-24 01:10:16 Debug: Notice (8): Undefined variable: response in [E:\site\twitter\app\Controller\FormalWordsController.php, line 52]
Trace:
FormalWordsController::search() - APP\Controller\FormalWordsController.php, line 52
ReflectionMethod::invokeArgs() - [internal], line ??
Controller::invokeAction() - CORE\Cake\Controller\Controller.php, line 485
Dispatcher::_invoke() - CORE\Cake\Routing\Dispatcher.php, line 103
Dispatcher::dispatch() - CORE\Cake\Routing\Dispatcher.php, line 85
[main] - APP\webroot\index.php, line 92

2012-10-24 01:10:32 Debug: Notice (8): Undefined variable: response in [E:\site\twitter\app\Controller\FormalWordsController.php, line 52]
Trace:
FormalWordsController::search() - APP\Controller\FormalWordsController.php, line 52
ReflectionMethod::invokeArgs() - [internal], line ??
Controller::invokeAction() - CORE\Cake\Controller\Controller.php, line 485
Dispatcher::_invoke() - CORE\Cake\Routing\Dispatcher.php, line 103
Dispatcher::dispatch() - CORE\Cake\Routing\Dispatcher.php, line 85
[main] - APP\webroot\index.php, line 92

2012-10-24 01:10:33 Debug: Notice (8): Undefined variable: response in [E:\site\twitter\app\Controller\FormalWordsController.php, line 52]
Trace:
FormalWordsController::search() - APP\Controller\FormalWordsController.php, line 52
ReflectionMethod::invokeArgs() - [internal], line ??
Controller::invokeAction() - CORE\Cake\Controller\Controller.php, line 485
Dispatcher::_invoke() - CORE\Cake\Routing\Dispatcher.php, line 103
Dispatcher::dispatch() - CORE\Cake\Routing\Dispatcher.php, line 85
[main] - APP\webroot\index.php, line 92

2012-10-24 01:11:11 Debug: Notice (8): Undefined variable: response in [E:\site\twitter\app\Controller\FormalWordsController.php, line 52]
Trace:
FormalWordsController::search() - APP\Controller\FormalWordsController.php, line 52
ReflectionMethod::invokeArgs() - [internal], line ??
Controller::invokeAction() - CORE\Cake\Controller\Controller.php, line 485
Dispatcher::_invoke() - CORE\Cake\Routing\Dispatcher.php, line 103
Dispatcher::dispatch() - CORE\Cake\Routing\Dispatcher.php, line 85
[main] - APP\webroot\index.php, line 92

2012-10-24 01:11:12 Debug: Notice (8): Undefined variable: response in [E:\site\twitter\app\Controller\FormalWordsController.php, line 52]
Trace:
FormalWordsController::search() - APP\Controller\FormalWordsController.php, line 52
ReflectionMethod::invokeArgs() - [internal], line ??
Controller::invokeAction() - CORE\Cake\Controller\Controller.php, line 485
Dispatcher::_invoke() - CORE\Cake\Routing\Dispatcher.php, line 103
Dispatcher::dispatch() - CORE\Cake\Routing\Dispatcher.php, line 85
[main] - APP\webroot\index.php, line 92

2012-10-24 01:11:17 Debug: Notice (8): Undefined variable: response in [E:\site\twitter\app\Controller\FormalWordsController.php, line 52]
Trace:
FormalWordsController::search() - APP\Controller\FormalWordsController.php, line 52
ReflectionMethod::invokeArgs() - [internal], line ??
Controller::invokeAction() - CORE\Cake\Controller\Controller.php, line 485
Dispatcher::_invoke() - CORE\Cake\Routing\Dispatcher.php, line 103
Dispatcher::dispatch() - CORE\Cake\Routing\Dispatcher.php, line 85
[main] - APP\webroot\index.php, line 92

2012-10-24 01:11:26 Debug: Notice (8): Undefined variable: response in [E:\site\twitter\app\Controller\FormalWordsController.php, line 52]
Trace:
FormalWordsController::search() - APP\Controller\FormalWordsController.php, line 52
ReflectionMethod::invokeArgs() - [internal], line ??
Controller::invokeAction() - CORE\Cake\Controller\Controller.php, line 485
Dispatcher::_invoke() - CORE\Cake\Routing\Dispatcher.php, line 103
Dispatcher::dispatch() - CORE\Cake\Routing\Dispatcher.php, line 85
[main] - APP\webroot\index.php, line 92

2012-10-24 01:11:27 Debug: Notice (8): Undefined variable: response in [E:\site\twitter\app\Controller\FormalWordsController.php, line 52]
Trace:
FormalWordsController::search() - APP\Controller\FormalWordsController.php, line 52
ReflectionMethod::invokeArgs() - [internal], line ??
Controller::invokeAction() - CORE\Cake\Controller\Controller.php, line 485
Dispatcher::_invoke() - CORE\Cake\Routing\Dispatcher.php, line 103
Dispatcher::dispatch() - CORE\Cake\Routing\Dispatcher.php, line 85
[main] - APP\webroot\index.php, line 92

2012-10-24 01:13:24 Debug: Notice (8): Undefined variable: response in [E:\site\twitter\app\Controller\FormalWordsController.php, line 52]
Trace:
FormalWordsController::search() - APP\Controller\FormalWordsController.php, line 52
ReflectionMethod::invokeArgs() - [internal], line ??
Controller::invokeAction() - CORE\Cake\Controller\Controller.php, line 485
Dispatcher::_invoke() - CORE\Cake\Routing\Dispatcher.php, line 103
Dispatcher::dispatch() - CORE\Cake\Routing\Dispatcher.php, line 85
[main] - APP\webroot\index.php, line 92

2012-10-24 01:13:25 Debug: Notice (8): Undefined variable: response in [E:\site\twitter\app\Controller\FormalWordsController.php, line 52]
Trace:
FormalWordsController::search() - APP\Controller\FormalWordsController.php, line 52
ReflectionMethod::invokeArgs() - [internal], line ??
Controller::invokeAction() - CORE\Cake\Controller\Controller.php, line 485
Dispatcher::_invoke() - CORE\Cake\Routing\Dispatcher.php, line 103
Dispatcher::dispatch() - CORE\Cake\Routing\Dispatcher.php, line 85
[main] - APP\webroot\index.php, line 92

2012-10-24 01:13:27 Debug: Notice (8): Undefined variable: response in [E:\site\twitter\app\Controller\FormalWordsController.php, line 52]
Trace:
FormalWordsController::search() - APP\Controller\FormalWordsController.php, line 52
ReflectionMethod::invokeArgs() - [internal], line ??
Controller::invokeAction() - CORE\Cake\Controller\Controller.php, line 485
Dispatcher::_invoke() - CORE\Cake\Routing\Dispatcher.php, line 103
Dispatcher::dispatch() - CORE\Cake\Routing\Dispatcher.php, line 85
[main] - APP\webroot\index.php, line 92

2012-10-24 01:13:30 Debug: Notice (8): Undefined variable: response in [E:\site\twitter\app\Controller\FormalWordsController.php, line 52]
Trace:
FormalWordsController::search() - APP\Controller\FormalWordsController.php, line 52
ReflectionMethod::invokeArgs() - [internal], line ??
Controller::invokeAction() - CORE\Cake\Controller\Controller.php, line 485
Dispatcher::_invoke() - CORE\Cake\Routing\Dispatcher.php, line 103
Dispatcher::dispatch() - CORE\Cake\Routing\Dispatcher.php, line 85
[main] - APP\webroot\index.php, line 92

2012-10-24 01:13:31 Debug: Notice (8): Undefined variable: response in [E:\site\twitter\app\Controller\FormalWordsController.php, line 52]
Trace:
FormalWordsController::search() - APP\Controller\FormalWordsController.php, line 52
ReflectionMethod::invokeArgs() - [internal], line ??
Controller::invokeAction() - CORE\Cake\Controller\Controller.php, line 485
Dispatcher::_invoke() - CORE\Cake\Routing\Dispatcher.php, line 103
Dispatcher::dispatch() - CORE\Cake\Routing\Dispatcher.php, line 85
[main] - APP\webroot\index.php, line 92

2012-10-24 01:13:32 Debug: Notice (8): Undefined variable: response in [E:\site\twitter\app\Controller\FormalWordsController.php, line 52]
Trace:
FormalWordsController::search() - APP\Controller\FormalWordsController.php, line 52
ReflectionMethod::invokeArgs() - [internal], line ??
Controller::invokeAction() - CORE\Cake\Controller\Controller.php, line 485
Dispatcher::_invoke() - CORE\Cake\Routing\Dispatcher.php, line 103
Dispatcher::dispatch() - CORE\Cake\Routing\Dispatcher.php, line 85
[main] - APP\webroot\index.php, line 92

2012-10-24 01:13:32 Debug: Notice (8): Undefined variable: response in [E:\site\twitter\app\Controller\FormalWordsController.php, line 52]
Trace:
FormalWordsController::search() - APP\Controller\FormalWordsController.php, line 52
ReflectionMethod::invokeArgs() - [internal], line ??
Controller::invokeAction() - CORE\Cake\Controller\Controller.php, line 485
Dispatcher::_invoke() - CORE\Cake\Routing\Dispatcher.php, line 103
Dispatcher::dispatch() - CORE\Cake\Routing\Dispatcher.php, line 85
[main] - APP\webroot\index.php, line 92

2012-10-24 01:13:47 Debug: Notice (8): Undefined variable: response in [E:\site\twitter\app\Controller\FormalWordsController.php, line 52]
Trace:
FormalWordsController::search() - APP\Controller\FormalWordsController.php, line 52
ReflectionMethod::invokeArgs() - [internal], line ??
Controller::invokeAction() - CORE\Cake\Controller\Controller.php, line 485
Dispatcher::_invoke() - CORE\Cake\Routing\Dispatcher.php, line 103
Dispatcher::dispatch() - CORE\Cake\Routing\Dispatcher.php, line 85
[main] - APP\webroot\index.php, line 92

2012-10-24 01:13:48 Debug: Notice (8): Undefined variable: response in [E:\site\twitter\app\Controller\FormalWordsController.php, line 52]
Trace:
FormalWordsController::search() - APP\Controller\FormalWordsController.php, line 52
ReflectionMethod::invokeArgs() - [internal], line ??
Controller::invokeAction() - CORE\Cake\Controller\Controller.php, line 485
Dispatcher::_invoke() - CORE\Cake\Routing\Dispatcher.php, line 103
Dispatcher::dispatch() - CORE\Cake\Routing\Dispatcher.php, line 85
[main] - APP\webroot\index.php, line 92

2012-10-24 01:13:49 Debug: Notice (8): Undefined variable: response in [E:\site\twitter\app\Controller\FormalWordsController.php, line 52]
Trace:
FormalWordsController::search() - APP\Controller\FormalWordsController.php, line 52
ReflectionMethod::invokeArgs() - [internal], line ??
Controller::invokeAction() - CORE\Cake\Controller\Controller.php, line 485
Dispatcher::_invoke() - CORE\Cake\Routing\Dispatcher.php, line 103
Dispatcher::dispatch() - CORE\Cake\Routing\Dispatcher.php, line 85
[main] - APP\webroot\index.php, line 92

2012-10-24 01:14:20 Debug: Notice (8): Undefined variable: response in [E:\site\twitter\app\Controller\FormalWordsController.php, line 52]
Trace:
FormalWordsController::search() - APP\Controller\FormalWordsController.php, line 52
ReflectionMethod::invokeArgs() - [internal], line ??
Controller::invokeAction() - CORE\Cake\Controller\Controller.php, line 485
Dispatcher::_invoke() - CORE\Cake\Routing\Dispatcher.php, line 103
Dispatcher::dispatch() - CORE\Cake\Routing\Dispatcher.php, line 85
[main] - APP\webroot\index.php, line 92

2012-10-24 01:14:22 Debug: Notice (8): Undefined variable: response in [E:\site\twitter\app\Controller\FormalWordsController.php, line 52]
Trace:
FormalWordsController::search() - APP\Controller\FormalWordsController.php, line 52
ReflectionMethod::invokeArgs() - [internal], line ??
Controller::invokeAction() - CORE\Cake\Controller\Controller.php, line 485
Dispatcher::_invoke() - CORE\Cake\Routing\Dispatcher.php, line 103
Dispatcher::dispatch() - CORE\Cake\Routing\Dispatcher.php, line 85
[main] - APP\webroot\index.php, line 92

2012-10-24 01:14:23 Debug: Notice (8): Undefined variable: response in [E:\site\twitter\app\Controller\FormalWordsController.php, line 52]
Trace:
FormalWordsController::search() - APP\Controller\FormalWordsController.php, line 52
ReflectionMethod::invokeArgs() - [internal], line ??
Controller::invokeAction() - CORE\Cake\Controller\Controller.php, line 485
Dispatcher::_invoke() - CORE\Cake\Routing\Dispatcher.php, line 103
Dispatcher::dispatch() - CORE\Cake\Routing\Dispatcher.php, line 85
[main] - APP\webroot\index.php, line 92

2012-10-24 01:14:26 Debug: Notice (8): Undefined variable: response in [E:\site\twitter\app\Controller\FormalWordsController.php, line 52]
Trace:
FormalWordsController::search() - APP\Controller\FormalWordsController.php, line 52
ReflectionMethod::invokeArgs() - [internal], line ??
Controller::invokeAction() - CORE\Cake\Controller\Controller.php, line 485
Dispatcher::_invoke() - CORE\Cake\Routing\Dispatcher.php, line 103
Dispatcher::dispatch() - CORE\Cake\Routing\Dispatcher.php, line 85
[main] - APP\webroot\index.php, line 92

2012-10-24 01:14:29 Debug: Notice (8): Undefined variable: response in [E:\site\twitter\app\Controller\FormalWordsController.php, line 52]
Trace:
FormalWordsController::search() - APP\Controller\FormalWordsController.php, line 52
ReflectionMethod::invokeArgs() - [internal], line ??
Controller::invokeAction() - CORE\Cake\Controller\Controller.php, line 485
Dispatcher::_invoke() - CORE\Cake\Routing\Dispatcher.php, line 103
Dispatcher::dispatch() - CORE\Cake\Routing\Dispatcher.php, line 85
[main] - APP\webroot\index.php, line 92

2012-10-30 04:52:15 Debug: Notice (8): Undefined variable: response in [E:\site\twitter\app\Controller\FormalWordsController.php, line 52]
Trace:
FormalWordsController::search() - APP\Controller\FormalWordsController.php, line 52
ReflectionMethod::invokeArgs() - [internal], line ??
Controller::invokeAction() - CORE\Cake\Controller\Controller.php, line 485
Dispatcher::_invoke() - CORE\Cake\Routing\Dispatcher.php, line 103
Dispatcher::dispatch() - CORE\Cake\Routing\Dispatcher.php, line 85
[main] - APP\webroot\index.php, line 92

2012-10-30 08:45:28 Debug: Notice (8): Undefined variable: response in [E:\site\twitter\app\Controller\FormalWordsController.php, line 52]
Trace:
FormalWordsController::search() - APP\Controller\FormalWordsController.php, line 52
ReflectionMethod::invokeArgs() - [internal], line ??
Controller::invokeAction() - CORE\Cake\Controller\Controller.php, line 485
Dispatcher::_invoke() - CORE\Cake\Routing\Dispatcher.php, line 103
Dispatcher::dispatch() - CORE\Cake\Routing\Dispatcher.php, line 85
[main] - APP\webroot\index.php, line 92

2012-10-30 08:45:34 Debug: Notice (8): Undefined variable: response in [E:\site\twitter\app\Controller\FormalWordsController.php, line 52]
Trace:
FormalWordsController::search() - APP\Controller\FormalWordsController.php, line 52
ReflectionMethod::invokeArgs() - [internal], line ??
Controller::invokeAction() - CORE\Cake\Controller\Controller.php, line 485
Dispatcher::_invoke() - CORE\Cake\Routing\Dispatcher.php, line 103
Dispatcher::dispatch() - CORE\Cake\Routing\Dispatcher.php, line 85
[main] - APP\webroot\index.php, line 92

2012-10-30 08:49:45 Debug: Notice (8): Undefined variable: response in [E:\site\twitter\app\Controller\FormalWordsController.php, line 52]
Trace:
FormalWordsController::search() - APP\Controller\FormalWordsController.php, line 52
ReflectionMethod::invokeArgs() - [internal], line ??
Controller::invokeAction() - CORE\Cake\Controller\Controller.php, line 485
Dispatcher::_invoke() - CORE\Cake\Routing\Dispatcher.php, line 103
Dispatcher::dispatch() - CORE\Cake\Routing\Dispatcher.php, line 85
[main] - APP\webroot\index.php, line 92

2012-12-19 07:45:00 Debug: Notice (8): Undefined index: term in [E:\site\twitter\app\Controller\FormalWordsController.php, line 45]
Trace:
FormalWordsController::search() - APP\Controller\FormalWordsController.php, line 45
ReflectionMethod::invokeArgs() - [internal], line ??
Controller::invokeAction() - CORE\Cake\Controller\Controller.php, line 485
Dispatcher::_invoke() - CORE\Cake\Routing\Dispatcher.php, line 103
Dispatcher::dispatch() - CORE\Cake\Routing\Dispatcher.php, line 85
[main] - APP\webroot\index.php, line 92

